Arguments: 
  C:\Program Files\nodejs\node.exe C:\Program Files\nodejs\node_modules\yarn\bin\yarn.js add ethers hardhat @nomiclabs/hardhat-waffle ethereum-waffle chai @nomiclabs/hardhat-ethers

PATH: 
  C:\Users\Turbo\bin;C:\Program Files\Git\mingw64\bin;C:\Program Files\Git\usr\local\bin;C:\Program Files\Git\usr\bin;C:\Program Files\Git\usr\bin;C:\Program Files\Git\mingw64\bin;C:\Program Files\Git\usr\bin;C:\Users\Turbo\bin;C:\Program Files\Common Files\Oracle\Java\javapath;C:\Windows\system32;C:\Windows;C:\Windows\System32\Wbem;C:\Windows\System32\WindowsPowerShell\v1.0;C:\Windows\System32\OpenSSH;%NVM_HOME%;%NVM_SYMLINK%;C:\Program Files\Git\cmd;C:\ProgramData\chocolatey\bin;C:\Program Files\OpenJDK\openjdk-8u302-b08\bin;C:\Users\Turbo\AppData\Local\Programs\Python\Python39\Scripts;C:\Users\Turbo\AppData\Local\Programs\Python\Python39;C:\Users\Turbo\AppData\Local\Microsoft\WindowsApps;C:\Users\Turbo\AppData\Local\Programs\Microsoft VS Code\bin;C:\Users\Turbo\AppData\Roaming\nvm;C:\Program Files\nodejs;C:\Users\Turbo\AppData\Local\GitHubDesktop\bin;C:\Users\Turbo\AppData\Local\Android\Sdk\platform-tools;C:\Users\Turbo\AppData\Local\Android\Sdk\platform-tools;C:\tools\neovim\Neovim\bin;C:\Program Files\JetBrains\IntelliJ IDEA Community Edition 2021.2.2\bin;C:\Program Files\Git\usr\bin\vendor_perl;C:\Program Files\Git\usr\bin\core_perl

Yarn version: 
  1.22.11

Node version: 
  14.17.6

Platform: 
  win32 x64

Trace: 
  Error: EPERM: operation not permitted, unlink 'E:\dev\dapp-beerportal\node_modules\bufferutil\prebuilds\win32-x64\node.napi.node'

npm manifest: 
  {
    "name": "my-wave-portal",
    "version": "1.0.0",
    "description": "",
    "main": "index.js",
    "scripts": {
      "test": "echo \"Error: no test specified\" && exit 1"
    },
    "keywords": [],
    "author": "",
    "license": "ISC",
    "devDependencies": {
      "@nomiclabs/hardhat-ethers": "^2.0.2",
      "@nomiclabs/hardhat-etherscan": "^2.1.6",
      "@nomiclabs/hardhat-waffle": "^2.0.1",
      "@typechain/ethers-v5": "^7.1.2",
      "@typechain/hardhat": "^2.3.0",
      "@types/chai": "^4.2.22",
      "@types/mocha": "^9.0.0",
      "@types/node": "^16.10.3",
      "@typescript-eslint/eslint-plugin": "^4.33.0",
      "@typescript-eslint/parser": "^4.33.0",
      "chai": "^4.3.4",
      "dotenv": "^10.0.0",
      "eslint": "^7.32.0",
      "eslint-config-prettier": "^8.3.0",
      "eslint-config-standard": "^16.0.3",
      "eslint-plugin-import": "^2.24.2",
      "eslint-plugin-node": "^11.1.0",
      "eslint-plugin-prettier": "^3.4.1",
      "eslint-plugin-promise": "^5.1.0",
      "ethereum-waffle": "^3.4.0",
      "ethers": "^5.4.7",
      "hardhat": "^2.6.5",
      "hardhat-gas-reporter": "^1.0.4",
      "prettier": "^2.4.1",
      "prettier-plugin-solidity": "^1.0.0-beta.18",
      "solhint": "^3.3.6",
      "solidity-coverage": "^0.7.17",
      "ts-node": "^10.2.1",
      "typechain": "^5.1.2",
      "typescript": "^4.4.3"
    }
  }

yarn manifest: 
  No manifest

Lockfile: 
  No lockfile
